<?xml version="1.0" encoding="UTF-8" ?>
<testsuite tests="2" failures="0" name="com.itcast.test.QiNiuTest" time="5.532" errors="0" skipped="0">
  <properties>
    <property name="idea.version" value="2022.3.3"/>
    <property name="java.runtime.name" value="OpenJDK Runtime Environment"/>
    <property name="sun.boot.library.path" value="C:\Users\lotushint\.jdks\corretto-1.8.0_362\jre\bin"/>
    <property name="java.vm.version" value="25.362-b08"/>
    <property name="java.vm.vendor" value="Amazon.com Inc."/>
    <property name="maven.multiModuleProjectDirectory" value="D:\lotushint\MyProjects\JetbrainsProjects\IdeaProjects\itcast_health\health_parent"/>
    <property name="java.vendor.url" value="https://aws.amazon.com/corretto/"/>
    <property name="path.separator" value=";"/>
    <property name="guice.disable.misplaced.annotation.check" value="true"/>
    <property name="java.vm.name" value="OpenJDK 64-Bit Server VM"/>
    <property name="file.encoding.pkg" value="sun.io"/>
    <property name="user.script" value=""/>
    <property name="user.country" value="CN"/>
    <property name="sun.java.launcher" value="SUN_STANDARD"/>
    <property name="sun.os.patch.level" value=""/>
    <property name="java.vm.specification.name" value="Java Virtual Machine Specification"/>
    <property name="user.dir" value="D:\lotushint\MyProjects\JetbrainsProjects\IdeaProjects\itcast_health\health_parent"/>
    <property name="java.runtime.version" value="1.8.0_362-b08"/>
    <property name="java.awt.graphicsenv" value="sun.awt.Win32GraphicsEnvironment"/>
    <property name="java.endorsed.dirs" value="C:\Users\lotushint\.jdks\corretto-1.8.0_362\jre\lib\endorsed"/>
    <property name="os.arch" value="amd64"/>
    <property name="java.io.tmpdir" value="C:\Users\LOTUSH~1\AppData\Local\Temp\"/>
    <property name="line.separator" value="
"/>
    <property name="java.vm.specification.vendor" value="Oracle Corporation"/>
    <property name="user.variant" value=""/>
    <property name="os.name" value="Windows 11"/>
    <property name="maven.ext.class.path" value="D:\ProgramsFiles(x86)\JetBrains\Toolbox\apps\IDEA-U\ch-0\223.8836.41\plugins\maven\lib\maven-event-listener.jar"/>
    <property name="classworlds.conf" value="D:\ProgramsFiles(x86)\apache-maven-3.8.6\bin\m2.conf"/>
    <property name="sun.jnu.encoding" value="GBK"/>
    <property name="java.library.path" value="C:\Users\lotushint\.jdks\corretto-1.8.0_362\bin;C:\WINDOWS\Sun\Java\bin;C:\WINDOWS\system32;C:\WINDOWS;D:\ProgramsFiles(x86)\VMware\VMware Workstation\bin\;C:\Users\lotushint\.jdks\corretto-1.8.0_332\bin;C:\Users\lotushint\.jdks\corretto-1.8.0_332\jre\bin;C:\Windows\system32;C:\Windows;C:\Windows\System32\Wbem;C:\Windows\System32\WindowsPowerShell\v1.0\;C:\Windows\System32\OpenSSH\;C:\Program Files (x86)\NVIDIA Corporation\PhysX\Common;C:\Program Files\NVIDIA Corporation\NVIDIA NvDLISR;D:\ProgramsFiles(x86)\Microsoft VS Code\bin;D:\ProgramsFiles(x86)\Bandizip\;D:\Program Files\apache-tomcat-8.5.72\bin;D:\ProgramsFiles(x86)\apache-maven-3.8.6\bin;C:\WINDOWS\system32;C:\WINDOWS;C:\WINDOWS\System32\Wbem;C:\WINDOWS\System32\WindowsPowerShell\v1.0\;C:\WINDOWS\System32\OpenSSH\;D:\ProgramsFiles(x86)\NetSarang\Xshell 7\;D:\ProgramsFiles(x86)\Git\cmd;D:\ProgramsFiles(x86)\Python\Python310\Scripts\;D:\ProgramsFiles(x86)\Python\Python310\;C:\Users\lotushint\AppData\Local\Microsoft\WindowsApps;C:\Users\lotushint\AppData\Local\JetBrains\Toolbox\scripts;C:\Users\lotushint\AppData\Local\Microsoft\WindowsApps;."/>
    <property name="jansi.passthrough" value="true"/>
    <property name="maven.conf" value="D:\ProgramsFiles(x86)\apache-maven-3.8.6/conf"/>
    <property name="java.specification.name" value="Java Platform API Specification"/>
    <property name="java.class.version" value="52.0"/>
    <property name="sun.management.compiler" value="HotSpot 64-Bit Tiered Compilers"/>
    <property name="os.version" value="10.0"/>
    <property name="user.home" value="C:\Users\lotushint"/>
    <property name="user.timezone" value="Asia/Shanghai"/>
    <property name="java.awt.printerjob" value="sun.awt.windows.WPrinterJob"/>
    <property name="java.specification.version" value="1.8"/>
    <property name="file.encoding" value="UTF-8"/>
    <property name="user.name" value="lotushint"/>
    <property name="java.class.path" value="D:\ProgramsFiles(x86)\apache-maven-3.8.6\boot\plexus-classworlds-2.6.0.jar;D:\ProgramsFiles(x86)\apache-maven-3.8.6\boot\plexus-classworlds.license;D:\ProgramsFiles(x86)\JetBrains\Toolbox\apps\IDEA-U\ch-0\223.8836.41\lib\idea_rt.jar"/>
    <property name="java.vm.specification.version" value="1.8"/>
    <property name="sun.arch.data.model" value="64"/>
    <property name="java.home" value="C:\Users\lotushint\.jdks\corretto-1.8.0_362\jre"/>
    <property name="sun.java.command" value="org.codehaus.classworlds.Launcher -Didea.version=2022.3.3 -s D:\ProgramsFiles(x86)\apache-maven-3.8.6\conf\settings.xml install"/>
    <property name="java.specification.vendor" value="Oracle Corporation"/>
    <property name="user.language" value="zh"/>
    <property name="awt.toolkit" value="sun.awt.windows.WToolkit"/>
    <property name="java.vm.info" value="mixed mode"/>
    <property name="java.version" value="1.8.0_362"/>
    <property name="java.ext.dirs" value="C:\Users\lotushint\.jdks\corretto-1.8.0_362\jre\lib\ext;C:\WINDOWS\Sun\Java\lib\ext"/>
    <property name="sun.boot.class.path" value="C:\Users\lotushint\.jdks\corretto-1.8.0_362\jre\lib\resources.jar;C:\Users\lotushint\.jdks\corretto-1.8.0_362\jre\lib\rt.jar;C:\Users\lotushint\.jdks\corretto-1.8.0_362\jre\lib\sunrsasign.jar;C:\Users\lotushint\.jdks\corretto-1.8.0_362\jre\lib\jsse.jar;C:\Users\lotushint\.jdks\corretto-1.8.0_362\jre\lib\jce.jar;C:\Users\lotushint\.jdks\corretto-1.8.0_362\jre\lib\charsets.jar;C:\Users\lotushint\.jdks\corretto-1.8.0_362\jre\lib\jfr.jar;C:\Users\lotushint\.jdks\corretto-1.8.0_362\jre\classes"/>
    <property name="java.vendor" value="Amazon.com Inc."/>
    <property name="java.specification.maintenance.version" value="4"/>
    <property name="maven.home" value="D:\ProgramsFiles(x86)\apache-maven-3.8.6"/>
    <property name="file.separator" value="\"/>
    <property name="java.vendor.url.bug" value="https://github.com/corretto/corretto-8/issues/"/>
    <property name="sun.cpu.endian" value="little"/>
    <property name="sun.io.unicode.encoding" value="UnicodeLittle"/>
    <property name="sun.desktop" value="windows"/>
    <property name="sun.cpu.isalist" value="amd64"/>
  </properties>
  <testcase classname="com.itcast.test.QiNiuTest" name="test1" time="4.931"/>
  <testcase classname="com.itcast.test.QiNiuTest" name="test2" time="0.601"/>
</testsuite>